2026-01-01 00:11:25,668 - INFO - Logging initialized. Log file: results/runs/20260101_001125_seed42/logs/rmtwin_optimization_20260101_001125.log
2026-01-01 00:11:25,668 - INFO - Debug mode: False
2026-01-01 00:11:25,668 - INFO - ================================================================================
2026-01-01 00:11:25,668 - INFO - RMTwin Multi-Objective Optimization Framework v3.1
2026-01-01 00:11:25,668 - INFO - Run Directory: results/runs/20260101_001125_seed42
2026-01-01 00:11:25,668 - INFO - Seed: 42
2026-01-01 00:11:25,669 - INFO - Config: 6 objectives, 100 generations, 2000 population
2026-01-01 00:11:25,669 - INFO - Start Time: 2026-01-01 00:11:25
2026-01-01 00:11:25,669 - INFO - ================================================================================
2026-01-01 00:11:25,669 - INFO - 
Constraints:
2026-01-01 00:11:25,669 - INFO -   Budget Cap: $10,000,000
2026-01-01 00:11:25,669 - INFO -   Min Recall: 0.8
2026-01-01 00:11:25,669 - INFO -   Max Latency: 200.0 s
2026-01-01 00:11:25,669 - INFO -   Min MTBF: 1000 hours
2026-01-01 00:11:25,669 - INFO -   Max Carbon: 200,000 kgCO2e/year
2026-01-01 00:11:25,669 - INFO - 
Sensor Parameters (v3.1):
2026-01-01 00:11:25,669 - INFO -   Fixed Sensor Density: 1.0 /km
2026-01-01 00:11:25,669 - INFO -   Mobile Coverage: 80.0 km/day
2026-01-01 00:11:25,669 - INFO - Config snapshot saved to results/runs/20260101_001125_seed42/config_snapshot.json
2026-01-01 00:11:25,669 - INFO - 
Step 1: Loading ontology...
2026-01-01 00:11:25,670 - INFO - 设置基础本体结构...
2026-01-01 00:11:25,672 - INFO - 基础本体创建完成，包含 124 个三元组
2026-01-01 00:11:25,672 - INFO - 使用TXT数据文件
2026-01-01 00:11:25,672 - INFO - 从数据文件填充本体...
2026-01-01 00:11:25,686 - INFO - 加载 20 个传感器实例...
2026-01-01 00:11:25,700 - INFO - 加载 20 个算法实例...
2026-01-01 00:11:25,706 - INFO - 加载 21 个基础设施实例...
2026-01-01 00:11:25,714 - INFO - 加载 50 个成本效益条目...
2026-01-01 00:11:25,720 - INFO - 添加SHACL约束...
2026-01-01 00:11:25,720 - INFO - 本体填充完成，包含 774 个三元组
2026-01-01 00:11:25,880 - INFO - 验证：找到 32 个传感器实例
2026-01-01 00:11:25,900 - INFO - 验证：找到 20 个算法实例
2026-01-01 00:11:25,900 - INFO - 本体构建成功
2026-01-01 00:11:25,923 - INFO - 本体保存到 results/runs/20260101_001125_seed42/populated_ontology.ttl
2026-01-01 00:11:25,923 - INFO - 本体已保存到 results/runs/20260101_001125_seed42/populated_ontology.ttl
2026-01-01 00:11:25,923 - INFO - 
Step 2: Running NSGA-III optimization...
2026-01-01 00:11:25,923 - INFO - Optimizer initialized with seed=42
2026-01-01 00:11:25,923 - INFO - Optimizer initialized with seed=42
2026-01-01 00:11:25,935 - INFO - Caching ontology components...
2026-01-01 00:11:25,937 - INFO - Cached: 20 sensors, 20 algorithms, 7 storage, 5 comm, 6 deployments
2026-01-01 00:11:25,937 - INFO - Initializing property cache...
2026-01-01 00:11:31,699 - INFO - Cached properties for 58 components
2026-01-01 00:11:31,700 - INFO - EnhancedFitnessEvaluatorV3 initialized (Step 2-Lite)
2026-01-01 00:11:31,700 - INFO - Using NSGA-III, 56 ref_dirs, pop_size=2000
2026-01-01 00:11:31,700 - INFO - Using DiverseInitialSampling for better discrete variable coverage
2026-01-01 00:11:31,700 - INFO - Mutation eta=15 (increased mutation strength)
2026-01-01 00:11:31,700 - INFO - Starting NSGA3 optimization, 6 objectives, seed=42...
2026-01-01 00:11:31,719 - INFO - DiverseInitialSampling: 20 sensors, 20 algorithms, 6 deployments
2026-01-01 00:11:31,722 - INFO - Generated 2000 initial solutions with diverse discrete coverage
2026-01-01 00:11:31,722 - INFO -   - 20 sensor-focused
2026-01-01 00:11:31,722 - INFO -   - 20 algorithm-focused
2026-01-01 00:11:31,722 - INFO -   - 400 sensor×algorithm combos
2026-01-01 00:16:11,361 - INFO - Processed 31 Pareto optimal solutions
2026-01-01 00:16:11,648 - INFO - 
=== Pareto Front Diversity Statistics ===
2026-01-01 00:16:11,649 - INFO - Unique sensors: 3
2026-01-01 00:16:11,650 - INFO - Sensor distribution:
sensor
IoT_LoRaWAN_Sensor       13
Camera_FLIR_A700          9
Camera_Basler_ace2Pro     9
2026-01-01 00:16:11,650 - INFO - Unique algorithms: 3
2026-01-01 00:16:11,651 - INFO - Algorithm distribution:
algorithm
Traditional_Canny_Optimized    26
DL_YOLOv8_SOTA                  3
Hybrid_CNN_SVM                  2
2026-01-01 00:16:11,651 - INFO - =============================================
2026-01-01 00:16:11,660 - INFO - Optimization time: 279.96s
2026-01-01 00:16:11,670 - INFO - Processed 31 Pareto optimal solutions
2026-01-01 00:16:11,670 - INFO - 
=== Pareto Front Diversity Statistics ===
2026-01-01 00:16:11,670 - INFO - Unique sensors: 3
2026-01-01 00:16:11,671 - INFO - Sensor distribution:
sensor
IoT_LoRaWAN_Sensor       13
Camera_FLIR_A700          9
Camera_Basler_ace2Pro     9
2026-01-01 00:16:11,671 - INFO - Unique algorithms: 3
2026-01-01 00:16:11,672 - INFO - Algorithm distribution:
algorithm
Traditional_Canny_Optimized    26
DL_YOLOv8_SOTA                  3
Hybrid_CNN_SVM                  2
2026-01-01 00:16:11,672 - INFO - 
Pareto Front Summary:
2026-01-01 00:16:11,672 - INFO -   Cost: $310,426 - $7,324,800
2026-01-01 00:16:11,672 - INFO -   Recall: 0.8072 - 0.9897
2026-01-01 00:16:11,672 - INFO - 
Step 3: Running baseline methods...
2026-01-01 00:16:11,672 - INFO - Running baseline methods...
2026-01-01 00:16:11,673 - INFO - Caching ontology components...
2026-01-01 00:16:11,675 - INFO - Cached: 20 sensors, 20 algorithms, 7 storage, 5 comm, 6 deployments
2026-01-01 00:16:11,675 - INFO - Initializing property cache...
2026-01-01 00:16:18,644 - INFO - Cached properties for 58 components
2026-01-01 00:16:18,644 - INFO - EnhancedFitnessEvaluatorV3 initialized (Step 2-Lite)
2026-01-01 00:16:18,644 - INFO - BaselineRunner initialized with seed=43
2026-01-01 00:16:18,644 - INFO - Running Random Search...
2026-01-01 00:16:18,645 - INFO - Running Grid Search...
2026-01-01 00:16:18,645 - INFO - Running Weighted Sum...
2026-01-01 00:16:18,645 - INFO - Running Expert Heuristic...
2026-01-01 00:16:18,645 - INFO - 
Step 4: Validating results consistency...
2026-01-01 00:16:18,645 - INFO - Validating results...
2026-01-01 00:16:18,645 - INFO - Validation: PASSED
2026-01-01 00:16:18,645 - INFO - 
Step 4b: Running SHACL semantic audit...
2026-01-01 00:16:18,645 - INFO - Running SHACL semantic audit...
2026-01-01 00:16:18,650 - INFO - Loaded SHACL shapes: 39 triples
2026-01-01 00:16:18,970 - INFO - SHACL Audit: 31/31 solutions passed (100.0%)
2026-01-01 00:16:18,971 - INFO - SHACL Audit: completed (100.0% passed)
2026-01-01 00:16:18,971 - INFO - Validation: PASSED
2026-01-01 00:16:18,971 - INFO - 
Step 5: Skipping visualization
2026-01-01 00:16:18,971 - INFO - 
Step 6: Generating report...
2026-01-01 00:16:18,972 - INFO - 
================================================================================
2026-01-01 00:16:18,972 - INFO - OPTIMIZATION COMPLETE
2026-01-01 00:16:18,972 - INFO - Run Directory: results/runs/20260101_001125_seed42
2026-01-01 00:16:18,972 - INFO - Pareto Solutions: 31
2026-01-01 00:16:18,972 - INFO - Baseline Feasible: 0
2026-01-01 00:16:18,972 - INFO - Validation: PASSED
2026-01-01 00:16:18,972 - INFO - Total Time: 293.31s
2026-01-01 00:16:18,972 - INFO - ================================================================================
